{
  "data": {
    "type": "string",
    "value": "server started!"
  },
  "file": "rest-api/main.go:15",
  "level": "debug",
  "msg": "",
  "time": "2020-05-01T19:07:08+03:00"
}
{
  "data": {
    "type": "string",
    "value": "server started!"
  },
  "file": "rest-api/main.go:16",
  "level": "debug",
  "msg": "",
  "time": "2020-05-01T19:07:39+03:00"
}
{
  "data": {
    "type": "string",
    "value": "server started!"
  },
  "file": "rest-api/main.go:16",
  "level": "debug",
  "msg": "",
  "time": "2020-05-01T19:07:43+03:00"
}
{
  "data": {
    "type": "string",
    "value": "server started!"
  },
  "file": "rest-api/main.go:17",
  "level": "debug",
  "msg": "",
  "time": "2020-05-01T19:30:37+03:00"
}
{
  "data": {
    "type": "string",
    "value": "server started!"
  },
  "file": "rest-api/main.go:17",
  "level": "debug",
  "msg": "",
  "time": "2020-05-01T19:30:45+03:00"
}
{
  "data": {
    "type": "string",
    "value": "server started!"
  },
  "file": "rest-api/main.go:16",
  "level": "debug",
  "msg": "",
  "time": "2020-05-01T19:30:50+03:00"
}
{
  "data": {
    "type": "string",
    "value": "server started!"
  },
  "file": "rest-api/main.go:16",
  "level": "debug",
  "msg": "",
  "time": "2020-05-01T19:34:32+03:00"
}
{
  "data": {
    "type": "string",
    "value": "server started!"
  },
  "file": "rest-api/main.go:21",
  "level": "debug",
  "msg": "",
  "time": "2020-05-01T19:52:33+03:00"
}
{
  "data": {
    "type": "string",
    "value": "server started!"
  },
  "file": "rest-api/main.go:21",
  "level": "debug",
  "msg": "",
  "time": "2020-05-01T21:54:11+03:00"
}
{
  "data": {
    "type": "string",
    "value": "server started!"
  },
  "file": "rest-api/main.go:21",
  "level": "debug",
  "msg": "",
  "time": "2020-05-01T21:54:23+03:00"
}
{
  "data": {
    "type": "string",
    "value": "server started!"
  },
  "file": "rest-api/main.go:22",
  "level": "debug",
  "msg": "",
  "time": "2020-05-01T22:07:13+03:00"
}
